[2026-05-21T20:22:30.701Z] INFO cleanup-prod-wave0-orphans starting (dryRun=true)
[2026-05-21T20:22:30.702Z] INFO target project: rab-booking-248fc
[2026-05-21T20:22:30.702Z] INFO target UID: qoN6aykKwqZI4n9REgqXfEFG8KM2
[2026-05-21T20:22:30.702Z] INFO target email: wave0-smoke-202605181440@bookbed.test
[2026-05-21T20:22:30.702Z] INFO target property: 6VCCLt8rnSokrIani9oU / unit: seg85UhyMQM8hw7ZpLhq
[2026-05-21T20:22:30.702Z] INFO Stripe Connect account (not dissolved by this script): acct_1TYSMdPWhhVc6lN0
[2026-05-21T20:22:30.702Z] WARN --skip-stripe-check passed. Trusting operator that Stripe Connect was manually dissolved.
[2026-05-21T20:22:35.922Z] INFO delete plan: 6 operations
[2026-05-21T20:22:57.681Z] INFO cleanup-prod-wave0-orphans starting (dryRun=false)
[2026-05-21T20:22:57.682Z] INFO target project: rab-booking-248fc
[2026-05-21T20:22:57.682Z] INFO target UID: qoN6aykKwqZI4n9REgqXfEFG8KM2
[2026-05-21T20:22:57.682Z] INFO target email: wave0-smoke-202605181440@bookbed.test
[2026-05-21T20:22:57.682Z] INFO target property: 6VCCLt8rnSokrIani9oU / unit: seg85UhyMQM8hw7ZpLhq
[2026-05-21T20:22:57.682Z] INFO Stripe Connect account (not dissolved by this script): acct_1TYSMdPWhhVc6lN0
[2026-05-21T20:22:57.682Z] WARN --skip-stripe-check passed. Trusting operator that Stripe Connect was manually dissolved.
[2026-05-21T20:23:02.451Z] INFO delete plan: 6 operations
[2026-05-21T20:23:02.451Z] PLAN {"kind":"firestore","path":"properties/6VCCLt8rnSokrIani9oU/units/seg85UhyMQM8hw7ZpLhq","op":"delete"}
[2026-05-21T20:23:02.451Z] PLAN {"kind":"firestore","path":"properties/6VCCLt8rnSokrIani9oU/units/seg85UhyMQM8hw7ZpLhq","op":"delete"}
[2026-05-21T20:23:02.451Z] PLAN {"kind":"firestore","path":"properties/6VCCLt8rnSokrIani9oU/widget_settings/seg85UhyMQM8hw7ZpLhq","op":"delete"}
[2026-05-21T20:23:02.451Z] PLAN {"kind":"firestore","path":"properties/6VCCLt8rnSokrIani9oU","op":"delete"}
[2026-05-21T20:23:02.451Z] PLAN {"kind":"firestore","path":"users/qoN6aykKwqZI4n9REgqXfEFG8KM2","op":"delete"}
[2026-05-21T20:23:02.451Z] PLAN {"kind":"auth","uid":"qoN6aykKwqZI4n9REgqXfEFG8KM2","op":"deleteUser"}
[2026-05-21T20:23:02.848Z] DELETED properties/6VCCLt8rnSokrIani9oU/units/seg85UhyMQM8hw7ZpLhq
[2026-05-21T20:23:03.209Z] DELETED properties/6VCCLt8rnSokrIani9oU/units/seg85UhyMQM8hw7ZpLhq
[2026-05-21T20:23:03.755Z] DELETED properties/6VCCLt8rnSokrIani9oU/widget_settings/seg85UhyMQM8hw7ZpLhq
[2026-05-21T20:23:04.219Z] DELETED properties/6VCCLt8rnSokrIani9oU
[2026-05-21T20:23:05.098Z] DELETED users/qoN6aykKwqZI4n9REgqXfEFG8KM2
[2026-05-21T20:23:05.462Z] DELETED auth user qoN6aykKwqZI4n9REgqXfEFG8KM2
[2026-05-21T20:23:05.462Z] INFO Cleanup complete.
