SF-078 backfill — accountStatus drift normalise
Project: rab-booking-248fc
Mode:    DRY RUN (no writes)
Started: 2026-06-03T17:07:23.065Z
Log:     audit/migrations/2026-06-03-accountstatus-backfill-prod-DRYRUN.log

Found 24 user document(s).

  0rt8PRpXEcWsoAkfkBTG5PXa0Uf1         | premium          → active                       | UPDATE          | premium-normalise [accountType=premium]
  2JC9FKFzqfZKb8sVtwOjbzrLiQF2         | trial            → trial                        | NOOP            | known-canonical
  2LOl2WdyEbP0l3y8dD3KMp1tX0G3         | trial            → trial                        | NOOP            | known-canonical
  2OG1YV0TUGPv8bh6wdxtMHfF0AG2         | trial_expired    → trial_expired                | NOOP            | known-canonical
  2iVruRvCKIcsGgbmSEO5fGkGQZ83         | <missing>        → (none — no trialExpiresAt)   | MANUAL_TRIAGE   | missing-status-and-no-trial-expiry
  9VRdH47hW6RqEBBcvbqZwneP9hR2         | trial_expired    → trial_expired                | NOOP            | known-canonical
  CgcQVSNb2NTiqx49G85BbqSsfTm2         | <missing>        → (none — no trialExpiresAt)   | MANUAL_TRIAGE   | missing-status-and-no-trial-expiry
  KCSOjCd3SHfstOOEjDMrXtSnDxK2         | trial_expired    → trial_expired                | NOOP            | known-canonical
  LBsmbcegJkZlmPQDJTXb7j0wVJy1         | trial            → trial                        | NOOP            | known-canonical
  NxHKPgoGC6PcerUgEfJlLJm77Uj1         | trial_expired    → trial_expired                | NOOP            | known-canonical
  WMvD7nZDcjUWcX1HLKPcpyIgzRA3         | trial            → trial                        | NOOP            | known-canonical
  WrfEIVOYxaeYEJ4yU4bcRxIKsFL2         | trial_expired    → trial_expired                | NOOP            | known-canonical
  YWA4l5m70ZOWNLczkRngzYDjOlC2         | active           → active                       | NOOP            | known-canonical
  YkHXCzZnwYOcgEikRle9qWmkgkv2         | trial            → trial                        | NOOP            | known-canonical
  giv29DaX37csOg6Umfa3MnIelAg1         | trial            → trial                        | NOOP            | known-canonical
  gp5MYghhpROZqj5iC7KNFzxXrZu1         | trial_expired    → trial_expired                | NOOP            | known-canonical
  hyzVro9gimWEtaQKJw7byZn1MD23         | trial            → trial                        | NOOP            | known-canonical
  jXt4S6TvYxUPUaYitJBYmSj3mnr2         | trial            → trial                        | NOOP            | known-canonical
  ngbxi8qkmcT0m2p7zikcXkP0ZRJ2         | premium          → active                       | UPDATE          | premium-normalise [accountType=premium]
  nz4hyOoIOqaje7976DLsJZnXctT2         | premium          → active                       | UPDATE          | premium-normalise [accountType=premium]
  oukYAL9LlRWBOK0nbE7Ef9rLpph1         | trial            → trial                        | NOOP            | known-canonical
  qJMif6jRHmN4ZEyWd3rXpwldHEr1         | <missing>        → (none — no trialExpiresAt)   | MANUAL_TRIAGE   | missing-status-and-no-trial-expiry
  qmsJUVRJnxSGd9j0QepRYBndC6V2         | trial_expired    → trial_expired                | NOOP            | known-canonical
  uRutRjNEtrexEz4vtdSM1DmHB6q2         | trial            → trial                        | NOOP            | known-canonical

─── Summary ───────────────────────────────────────────────
  UPDATE              3
  NOOP               18
  MANUAL_REVIEW       0
  MANUAL_TRIAGE       3

─── By reason ─────────────────────────────────────────────
  premium-normalise                           3
  known-canonical                            18
  missing-status-and-no-trial-expiry          3

DRY RUN complete — no writes performed.
  3 UPDATE candidate(s); 0 MANUAL_REVIEW; 3 MANUAL_TRIAGE.
Re-run with --execute to apply UPDATE rows. MANUAL_REVIEW / MANUAL_TRIAGE rows are NEVER auto-applied.
Finished: 2026-06-03T17:07:23.702Z

═══════════════════════════════════════════════════════════════════════════
LIFETIME / STRIPE CROSS-REF — 3 PREMIUM USERS (task §3)
═══════════════════════════════════════════════════════════════════════════

uid: 0rt8PRpXEcWsoAkfkBTG5PXa0Uf1
  email:                  <no email field>
  accountType:            premium
  stripeSubscriptionId:   no
  stripeCustomerId:       no
  lifetime_granted_at:    no
  lifetime_granted_by:    no
  createdAt:              2026-01-29

uid: ngbxi8qkmcT0m2p7zikcXkP0ZRJ2
  email:                  duskolicanin1234@gmail.com
  accountType:            premium
  stripeSubscriptionId:   no
  stripeCustomerId:       no
  lifetime_granted_at:    no
  lifetime_granted_by:    no
  createdAt:              2026-01-18

uid: nz4hyOoIOqaje7976DLsJZnXctT2
  email:                  rdmclv@yahoo.com
  accountType:            premium
  stripeSubscriptionId:   no
  stripeCustomerId:       no
  lifetime_granted_at:    no
  lifetime_granted_by:    no
  createdAt:              2026-01-19

Verdict: ALL 3 carry accountType=premium signal → safe to normalise
accountStatus → 'active'. None has Stripe-subscription / lifetime-license
record — likely admin-granted complimentary access (e.g. internal/test).

═══════════════════════════════════════════════════════════════════════════
MANUAL_TRIAGE METADATA — 3 USERS WITH <missing> accountStatus
═══════════════════════════════════════════════════════════════════════════

uid: 2iVruRvCKIcsGgbmSEO5fGkGQZ83
  email:                  jasko@jasko-rab.com
  role:                   owner
  accountType:            lifetime
  createdAt:              2025-12-21
  lastLoginAt:            2026-05-20
  Suggested:              'active' (per setLifetimeLicense semantics)

uid: CgcQVSNb2NTiqx49G85BbqSsfTm2
  email:                  test@bookbed.io
  role:                   owner
  accountType:            premium
  createdAt:              2026-01-14
  lastLoginAt:            2026-01-14
  Suggested:              'active' (test account, accountType matches premium class)

uid: qJMif6jRHmN4ZEyWd3rXpwldHEr1
  email:                  ababic785@gmail.com
  role:                   owner
  accountType:            trial
  createdAt:              2025-12-21
  lastLoginAt:            2026-01-21
  Suggested:              'trial_expired' (no trialExpiresAt + trial accountType + old account → trial period elapsed)

Triage path: operator uses admin/updateUserStatus callable to apply each
target value with statusChangedBy = admin uid (audit trail).

═══════════════════════════════════════════════════════════════════════════
SF-078 backfill — accountStatus drift normalise
Project: rab-booking-248fc
Mode:    DRY RUN (no writes)
Started: 2026-06-03T17:42:20.547Z
Log:     audit/migrations/2026-06-03-accountstatus-backfill-prod-DRYRUN.log

Found 24 user document(s).

  0rt8PRpXEcWsoAkfkBTG5PXa0Uf1         | premium          → active                       | UPDATE          | premium-normalise [accountType=premium]
  2JC9FKFzqfZKb8sVtwOjbzrLiQF2         | trial            → trial                        | NOOP            | known-canonical
  2LOl2WdyEbP0l3y8dD3KMp1tX0G3         | trial            → trial                        | NOOP            | known-canonical
  2OG1YV0TUGPv8bh6wdxtMHfF0AG2         | trial_expired    → trial_expired                | NOOP            | known-canonical
  2iVruRvCKIcsGgbmSEO5fGkGQZ83         | <missing>        → (none — no trialExpiresAt)   | MANUAL_TRIAGE   | missing-status-and-no-trial-expiry
  9VRdH47hW6RqEBBcvbqZwneP9hR2         | trial_expired    → trial_expired                | NOOP            | known-canonical
  CgcQVSNb2NTiqx49G85BbqSsfTm2         | <missing>        → (none — no trialExpiresAt)   | MANUAL_TRIAGE   | missing-status-and-no-trial-expiry
  KCSOjCd3SHfstOOEjDMrXtSnDxK2         | trial_expired    → trial_expired                | NOOP            | known-canonical
  LBsmbcegJkZlmPQDJTXb7j0wVJy1         | trial            → trial                        | NOOP            | known-canonical
  NxHKPgoGC6PcerUgEfJlLJm77Uj1         | trial_expired    → trial_expired                | NOOP            | known-canonical
  WMvD7nZDcjUWcX1HLKPcpyIgzRA3         | trial            → trial                        | NOOP            | known-canonical
  WrfEIVOYxaeYEJ4yU4bcRxIKsFL2         | trial_expired    → trial_expired                | NOOP            | known-canonical
  YWA4l5m70ZOWNLczkRngzYDjOlC2         | active           → active                       | NOOP            | known-canonical
  YkHXCzZnwYOcgEikRle9qWmkgkv2         | trial            → trial                        | NOOP            | known-canonical
  giv29DaX37csOg6Umfa3MnIelAg1         | trial            → trial                        | NOOP            | known-canonical
  gp5MYghhpROZqj5iC7KNFzxXrZu1         | trial_expired    → trial_expired                | NOOP            | known-canonical
  hyzVro9gimWEtaQKJw7byZn1MD23         | trial            → trial                        | NOOP            | known-canonical
  jXt4S6TvYxUPUaYitJBYmSj3mnr2         | trial            → trial                        | NOOP            | known-canonical
  ngbxi8qkmcT0m2p7zikcXkP0ZRJ2         | premium          → active                       | UPDATE          | premium-normalise [accountType=premium]
  nz4hyOoIOqaje7976DLsJZnXctT2         | premium          → active                       | UPDATE          | premium-normalise [accountType=premium]
  oukYAL9LlRWBOK0nbE7Ef9rLpph1         | trial            → trial                        | NOOP            | known-canonical
  qJMif6jRHmN4ZEyWd3rXpwldHEr1         | <missing>        → (none — no trialExpiresAt)   | MANUAL_TRIAGE   | missing-status-and-no-trial-expiry
  qmsJUVRJnxSGd9j0QepRYBndC6V2         | trial_expired    → trial_expired                | NOOP            | known-canonical
  uRutRjNEtrexEz4vtdSM1DmHB6q2         | trial            → trial                        | NOOP            | known-canonical

─── Summary ───────────────────────────────────────────────
  UPDATE              3
  NOOP               18
  MANUAL_REVIEW       0
  MANUAL_TRIAGE       3

─── By reason ─────────────────────────────────────────────
  premium-normalise                           3
  known-canonical                            18
  missing-status-and-no-trial-expiry          3

DRY RUN complete — no writes performed.
  3 UPDATE candidate(s); 0 MANUAL_REVIEW; 3 MANUAL_TRIAGE.
Re-run with --execute to apply UPDATE rows. MANUAL_REVIEW / MANUAL_TRIAGE rows are NEVER auto-applied.
Finished: 2026-06-03T17:42:21.203Z
SF-078 backfill — accountStatus drift normalise
Project: rab-booking-248fc
Mode:    DRY RUN (no writes)
Started: 2026-06-03T17:42:40.956Z
Log:     audit/migrations/2026-06-03-accountstatus-backfill-prod-DRYRUN.log

Found 24 user document(s).

  0rt8PRpXEcWsoAkfkBTG5PXa0Uf1         | active           → active                       | NOOP            | known-canonical
  2JC9FKFzqfZKb8sVtwOjbzrLiQF2         | trial            → trial                        | NOOP            | known-canonical
  2LOl2WdyEbP0l3y8dD3KMp1tX0G3         | trial            → trial                        | NOOP            | known-canonical
  2OG1YV0TUGPv8bh6wdxtMHfF0AG2         | trial_expired    → trial_expired                | NOOP            | known-canonical
  2iVruRvCKIcsGgbmSEO5fGkGQZ83         | <missing>        → (none — no trialExpiresAt)   | MANUAL_TRIAGE   | missing-status-and-no-trial-expiry
  9VRdH47hW6RqEBBcvbqZwneP9hR2         | trial_expired    → trial_expired                | NOOP            | known-canonical
  CgcQVSNb2NTiqx49G85BbqSsfTm2         | <missing>        → (none — no trialExpiresAt)   | MANUAL_TRIAGE   | missing-status-and-no-trial-expiry
  KCSOjCd3SHfstOOEjDMrXtSnDxK2         | trial_expired    → trial_expired                | NOOP            | known-canonical
  LBsmbcegJkZlmPQDJTXb7j0wVJy1         | trial            → trial                        | NOOP            | known-canonical
  NxHKPgoGC6PcerUgEfJlLJm77Uj1         | trial_expired    → trial_expired                | NOOP            | known-canonical
  WMvD7nZDcjUWcX1HLKPcpyIgzRA3         | trial            → trial                        | NOOP            | known-canonical
  WrfEIVOYxaeYEJ4yU4bcRxIKsFL2         | trial_expired    → trial_expired                | NOOP            | known-canonical
  YWA4l5m70ZOWNLczkRngzYDjOlC2         | active           → active                       | NOOP            | known-canonical
  YkHXCzZnwYOcgEikRle9qWmkgkv2         | trial            → trial                        | NOOP            | known-canonical
  giv29DaX37csOg6Umfa3MnIelAg1         | trial            → trial                        | NOOP            | known-canonical
  gp5MYghhpROZqj5iC7KNFzxXrZu1         | trial_expired    → trial_expired                | NOOP            | known-canonical
  hyzVro9gimWEtaQKJw7byZn1MD23         | trial            → trial                        | NOOP            | known-canonical
  jXt4S6TvYxUPUaYitJBYmSj3mnr2         | trial            → trial                        | NOOP            | known-canonical
  ngbxi8qkmcT0m2p7zikcXkP0ZRJ2         | active           → active                       | NOOP            | known-canonical
  nz4hyOoIOqaje7976DLsJZnXctT2         | active           → active                       | NOOP            | known-canonical
  oukYAL9LlRWBOK0nbE7Ef9rLpph1         | trial            → trial                        | NOOP            | known-canonical
  qJMif6jRHmN4ZEyWd3rXpwldHEr1         | <missing>        → (none — no trialExpiresAt)   | MANUAL_TRIAGE   | missing-status-and-no-trial-expiry
  qmsJUVRJnxSGd9j0QepRYBndC6V2         | trial_expired    → trial_expired                | NOOP            | known-canonical
  uRutRjNEtrexEz4vtdSM1DmHB6q2         | trial            → trial                        | NOOP            | known-canonical

─── Summary ───────────────────────────────────────────────
  UPDATE              0
  NOOP               21
  MANUAL_REVIEW       0
  MANUAL_TRIAGE       3

─── By reason ─────────────────────────────────────────────
  known-canonical                            21
  missing-status-and-no-trial-expiry          3

DRY RUN complete — no writes performed.
  0 UPDATE candidate(s); 0 MANUAL_REVIEW; 3 MANUAL_TRIAGE.
Re-run with --execute to apply UPDATE rows. MANUAL_REVIEW / MANUAL_TRIAGE rows are NEVER auto-applied.
Finished: 2026-06-03T17:42:41.488Z
